
Found perl:
   /usr/bin/perl
   This is perl 5, version 30, subversion 0 (v5.30.0) built for x86_64-linux-gnu-thread-multi

Found java:
   /usr/local/java/jdk1.8.0_321/bin/java
   java version "1.8.0_321"

Found canu:
   /home/zmx/work/canu/build/bin/canu
   canu snapshot v2.3-development +13 changes (r10284 08b0347f8655ed977a2ac75d35be198601bd7b3d)

Running job 1 based on command line options.
Initializing.
Opening seqStore '../../test.seqStore'.
Correcting reads 1 to 10000.
  Allowing alignment errors in simple sequence repeats (-s not supplied).
Reading 10000 corrections from './red.red'.
Correcting 2010000 bases with 0 indel adjustments.
--Allocate 1 + 0 + 0 MB for bases, adjusts and reads.
Corrected 2010000 bases with 0 substitutions, 0 deletions and 0 insertions.
Loading overlaps.
Read_Olaps()--  Loading 431900 overlaps from '../test.ovlStore' for reads 1 to 10000
--Allocate 13 MB for overlaps.
Read_Olaps()--  Loaded 431900 overlaps -- 431900 normal and 0 innie.
Sorting overlaps.
Recomputing overlaps.
--Allocate 8 MB for fseq and rseq.
--Allocate 32 MB for fadj and radj.
--Allocate 16 MB for pedWorkArea_t.
-- Allocate 0 MB for Edit_Array pointers.
Recomputing overlaps -        11 -        11 -     10000
--Allocate 16 MB for edit array work space 0 (positions 0-0)
Recomputing overlaps -        11 -      1035 -     10000
Recomputing overlaps -        11 -      2059 -     10000
Recomputing overlaps -        11 -      3083 -     10000
Recomputing overlaps -        11 -      4107 -     10000
Recomputing overlaps -        11 -      5131 -     10000
Recomputing overlaps -        11 -      6155 -     10000
Recomputing overlaps -        11 -      7179 -     10000
Recomputing overlaps -        11 -      8203 -     10000
Recomputing overlaps -        11 -      9227 -     10000

--  Release bases, adjusts and reads.
Olaps Fwd 431900
Olaps Rev 0
Total:  431900
Failed: 0 (both)
Failed: 0 (either)
Failed: 0 (match to end)
Failed: 0 (negative length)
Changed 431900 overlaps.
Better: 0 overlaps.
Worse:  0 overlaps.
Same:   431900 overlaps.
Sorting overlaps.
Saving corrected error rates to file ./00001.oea.WORKING
--Allocate 0 MB for output error rates.

Bye.
