
Found perl:
   /usr/bin/perl
   This is perl 5, version 30, subversion 0 (v5.30.0) built for x86_64-linux-gnu-thread-multi

Found java:
   /usr/local/java/jdk1.8.0_321/bin/java
   java version "1.8.0_321"

Found canu:
   /home/zmx/work/canu/build/bin/canu
   canu snapshot v2.3-development +13 changes (r10284 08b0347f8655ed977a2ac75d35be198601bd7b3d)

Running job 1 based on command line options.
Read_Frags()-- Loading target reads 1 through 10000 with 2010000 bases.
Read_Frags()-- 0.106 GB for bases, votes and info.

Read_Olaps()-- Loading 431900 overlaps.
Read_Olaps()-- 0.006 GB for overlaps..

extractReads()-- Loading reads 11 to 10000 (2000 reads with 2002000 bases) overlaps 0 through 431900.
extractReads()-- Loaded.
processReads()-- Launching compute.
processReads()-- Waiting for compute.

Passed overlaps =     431900 100.0000%
Failed overlaps =          0   0.0000%
Output file: ./00001.red.WORKING

Bye.
