
Found perl:
   /usr/bin/perl
   This is perl 5, version 30, subversion 0 (v5.30.0) built for x86_64-linux-gnu-thread-multi

Found java:
   /usr/local/java/jdk1.8.0_321/bin/java
   java version "1.8.0_321"

Found canu:
   /home/zmx/work/canu/build/bin/canu
   canu snapshot v2.3-development +13 changes (r10284 08b0347f8655ed977a2ac75d35be198601bd7b3d)

Running job 1 based on command line options.

Found 1 command tree.

Counting 97 (estimated) thousand canonical 16-mers from 1 input file:
    canu-seqStore: ../../test.seqStore


SIMPLE MODE
-----------

  16-mers
    -> 4294967296 entries for counts up to 65535.
    -> 64 Gbits memory used

  100000 input bases
    -> expected max count of 400, needing 0 extra bits.
    -> no memory used

  8192 MB memory needed


COMPLEX MODE
------------

prefix     # of   struct   kmers/    segs/      min     data    total
  bits   prefix   memory   prefix   prefix   memory   memory   memory
------  -------  -------  -------  -------  -------  -------  -------
     1     2  P  6848  B    24 kM    24  S  8192  B   192 kB   198 kB
     2     4  P    13 kB    12 kM    12  S    16 kB   192 kB   205 kB
     3     8  P    25 kB  6251  M     6  S    32 kB   192 kB   217 kB
     4    16  P    50 kB  3126  M     3  S    64 kB   192 kB   242 kB
     5    32  P   101 kB  1563  M     2  S   128 kB   256 kB   357 kB
     6    64  P   202 kB   782  M     1  S   256 kB   256 kB   458 kB
     7   128  P   405 kB   391  M     1  S   512 kB   512 kB   917 kB
     8   256  P   810 kB   196  M     1  S  1024 kB  1024 kB  1834 kB
     9   512  P  1620 kB    98  M     1  S  2048 kB  2048 kB  3668 kB
    10  1024  P  3240 kB    49  M     1  S  4096 kB  4096 kB  7336 kB  Best Value!
    11  2048  P  6480 kB    25  M     1  S  8192 kB  8192 kB    14 MB
    12  4096  P    12 MB    13  M     1  S    16 MB    16 MB    28 MB
    13  8192  P    25 MB     7  M     1  S    32 MB    32 MB    57 MB
    14    16 kP    50 MB     4  M     1  S    64 MB    64 MB   114 MB
    15    32 kP   101 MB     2  M     1  S   128 MB   128 MB   229 MB


FINAL CONFIGURATION
-------------------

Estimated to require 7336 kB memory out of 2048 MB allowed.
Estimated to require 2 batches.

Configured complex mode for 0.007 GB memory per batch, and up to 2 batches.

Start counting with THREADED method.
Used 0.264 GB / 1.992 GB to store        98500 kmers; need 0.000 GB to sort         1753 kmers

Input complete.  Writing results to './test.01.meryl.WORKING', using 1 thread.
finishIteration()--

Finished counting.

Cleaning up.

Bye.
