
Found perl:
   /usr/bin/perl
   This is perl 5, version 30, subversion 0 (v5.30.0) built for x86_64-linux-gnu-thread-multi

Found java:
   /usr/local/java/jdk1.8.0_321/bin/java
   java version "1.8.0_321"

Found canu:
   /home/zmx/work/canu/build/bin/canu
   canu snapshot v2.3-development +13 changes (r10284 08b0347f8655ed977a2ac75d35be198601bd7b3d)

Running job 1 based on command line options.
-- Using seqFile '../test.ctgStore/partition.0001'.
-- Opening tigStore '../test.ctgStore' version 1.
-- Opening output results file './ctgcns/0001.cns.WORKING'.
--
-- Computing consensus for b=0 to e=3 with errorRate 0.0000 (max 0.4000) and minimum overlap 500
--
Loading corrected-trimmed reads from seqFile '../test.ctgStore/partition.0001'
Consensus finished successfully.

Bye.
                           ----------CONTAINED READS----------  -DOVETAIL  READS-
  tigID    length   reads      used coverage  ignored coverage      used coverage
------- --------- -------  -------- -------- -------- --------  -------- --------
      1      9983    1998         0    0.00x      180   18.03x      1818  182.11x

Processed 1 tig and 0 singletons.

